Arguments: 
  /home/hiro/.nvm/versions/node/v12.16.2/bin/node /usr/share/yarn/bin/yarn.js

PATH: 
  /home/hiro/.zinit/polaris/sbin:/home/hiro/.zinit/polaris/bin:/home/hiro/.nvm/versions/node/v12.16.2/bin:/home/hiro/bin:/usr/local/sbin:/usr/local/bin:/usr/sbin:/usr/bin:/sbin:/bin:/usr/games:/usr/local/games:/snap/bin

Yarn version: 
  1.22.5

Node version: 
  12.16.2

Platform: 
  linux x64

Trace: 
  SyntaxError: /home/hiro/Documentos/goomer-api/package.json: Unexpected token } in JSON at position 522
      at JSON.parse (<anonymous>)
      at /usr/share/yarn/lib/cli.js:1625:59
      at Generator.next (<anonymous>)
      at step (/usr/share/yarn/lib/cli.js:310:30)
      at /usr/share/yarn/lib/cli.js:321:13

npm manifest: 
  {
    "name": "goomer-api",
    "version": "1.0.0",
    "description": "Goomer Lista Rango",
    "main": "index.js",
    "directories": {
      "test": "test"
    },
    "scripts": {
      "test": "test start"
    },
    "repository": {
      "type": "git",
      "url": "Challenge Goomer"
    },
    "keywords": [
      "Challeng",
      "Goomer"
    ],
    "author": "Vitor Hiroyuki Kano",
    "license": "ISC",
    "dependencies": {
      "express": "^4.17.1",
      "pg": "^8.4.1",
      "pg-hstore": "^2.3.3",
      "sequelize": "^6.3.5",
      "prettier": "^2.1.2",
    },
    "devDependencies": {
      "eslint": "^7.11.0",
      "eslint-config-airbnb-base": "^14.2.0",
      "eslint-config-prettier": "^6.13.0",
      "eslint-plugin-import": "^2.22.1",
      "eslint-plugin-prettier": "^3.1.4",
      "sequelize-cli": "^6.2.0"
    }
  }

yarn manifest: 
  No manifest

Lockfile: 
  No lockfile
